<?xml version="1.0" encoding="UTF-8"?>
<!-- Generated by org.testng.reporters.JUnitReportReporter -->
<testsuite hostname="DESKTOP-83BCG0J" failures="0" tests="1" name="com.Equarz.Testcases.searchproducttest" time="28.808" errors="0" timestamp="2023-09-14T15:48:25 IST" skipped="0">
  <testcase classname="com.Equarz.Testcases.searchproducttest" name="verifyurl" time="28.808"/>
</testsuite> <!-- com.Equarz.Testcases.searchproducttest -->
