<?xml version="1.0" encoding="UTF-8"?>
<!-- Generated by org.testng.reporters.JUnitReportReporter -->
<testsuite hostname="DESKTOP-83BCG0J" failures="0" tests="1" name="com.Equarz.Testcases.producttest" time="31.008" errors="0" timestamp="2023-09-13T17:46:05 IST" skipped="0">
  <testcase classname="com.Equarz.Testcases.producttest" name="verifyurl" time="31.008"/>
</testsuite> <!-- com.Equarz.Testcases.producttest -->
